#! /opt/homebrew/Cellar/icarus-verilog/11.0/bin/vvp
:ivl_version "11.0 (stable)";
:ivl_delay_selection "TYPICAL";
:vpi_time_precision + 0;
:vpi_module "/opt/homebrew/Cellar/icarus-verilog/11.0/lib/ivl/system.vpi";
:vpi_module "/opt/homebrew/Cellar/icarus-verilog/11.0/lib/ivl/vhdl_sys.vpi";
:vpi_module "/opt/homebrew/Cellar/icarus-verilog/11.0/lib/ivl/vhdl_textio.vpi";
:vpi_module "/opt/homebrew/Cellar/icarus-verilog/11.0/lib/ivl/v2005_math.vpi";
:vpi_module "/opt/homebrew/Cellar/icarus-verilog/11.0/lib/ivl/va_math.vpi";
S_0x14c004ca0 .scope module, "Test" "Test" 2 1;
 .timescale 0 0;
    .port_info 0 /INPUT 1 "clk";
    .port_info 1 /INPUT 1 "rst";
o0x130008010 .functor BUFZ 1, C4<z>; HiZ drive
v0x14c004e10_0 .net "clk", 0 0, o0x130008010;  0 drivers
o0x130008040 .functor BUFZ 1, C4<z>; HiZ drive
v0x14c014e70_0 .net "rst", 0 0, o0x130008040;  0 drivers
E_0x14c0049c0 .event posedge, v0x14c004e10_0;
    .scope S_0x14c004ca0;
T_0 ;
    %wait E_0x14c0049c0;
    %jmp T_0;
    .thread T_0;
# The file index is used to find the file name in the following table.
:file_names 3;
    "N/A";
    "<interactive>";
    "test001.v";
