#! /opt/homebrew/Cellar/icarus-verilog/11.0/bin/vvp
:ivl_version "11.0 (stable)";
:ivl_delay_selection "TYPICAL";
:vpi_time_precision + 0;
:vpi_module "/opt/homebrew/Cellar/icarus-verilog/11.0/lib/ivl/system.vpi";
:vpi_module "/opt/homebrew/Cellar/icarus-verilog/11.0/lib/ivl/vhdl_sys.vpi";
:vpi_module "/opt/homebrew/Cellar/icarus-verilog/11.0/lib/ivl/vhdl_textio.vpi";
:vpi_module "/opt/homebrew/Cellar/icarus-verilog/11.0/lib/ivl/v2005_math.vpi";
:vpi_module "/opt/homebrew/Cellar/icarus-verilog/11.0/lib/ivl/va_math.vpi";
S_0x142204430 .scope module, "CPU" "CPU" 2 1;
 .timescale 0 0;
    .port_info 0 /INPUT 1 "clk";
    .port_info 1 /INPUT 1 "rst";
    .port_info 2 /INPUT 1 "rdy";
o0x128008010 .functor BUFZ 1, C4<z>; HiZ drive
v0x142204600_0 .net "clk", 0 0, o0x128008010;  0 drivers
o0x128008040 .functor BUFZ 1, C4<z>; HiZ drive
v0x1422146b0_0 .net "rdy", 0 0, o0x128008040;  0 drivers
o0x128008070 .functor BUFZ 1, C4<z>; HiZ drive
v0x142214750_0 .net "rst", 0 0, o0x128008070;  0 drivers
# The file index is used to find the file name in the following table.
:file_names 3;
    "N/A";
    "<interactive>";
    "cpu.v";
